This is pdfTeX, Version 3.14159265-2.6-1.40.21 (MiKTeX 2.9.7400 64-bit) (preloaded format=pdflatex 2020.4.20)  21 APR 2020 09:03
entering extended mode
**./Memoria.tex
(Memoria.tex
LaTeX2e <2020-02-02> patch level 5
L3 programming layer <2020-04-06>
("D:\Archivos de programa\MiKTeX\tex/latex/base\book.cls"
Document Class: book 2019/12/20 v1.4l Standard LaTeX document class
("D:\Archivos de programa\MiKTeX\tex/latex/base\bk10.clo"
File: bk10.clo 2019/12/20 v1.4l Standard LaTeX file (size option)
)
\c@part=\count167
\c@chapter=\count168
\c@section=\count169
\c@subsection=\count170
\c@subsubsection=\count171
\c@paragraph=\count172
\c@subparagraph=\count173
\c@figure=\count174
\c@table=\count175
\abovecaptionskip=\skip47
\belowcaptionskip=\skip48
\bibindent=\dimen134
)
(C:\Users\Jesús\AppData\Roaming\MiKTeX\2.9\tex/latex/ucs\ucs.sty
Package: ucs 2013/05/11 v2.2 UCS: Unicode input support

(C:\Users\Jesús\AppData\Roaming\MiKTeX\2.9\tex/latex/ucs\uni-global.def
File: uni-global.def 2013/05/13 UCS: Unicode global data
)
\uc@secondtry=\count176
\uc@combtoks=\toks15
\uc@combtoksb=\toks16
\uc@temptokena=\toks17
)
("D:\Archivos de programa\MiKTeX\tex/latex/base\inputenc.sty"
Package: inputenc 2018/08/11 v1.3c Input encoding file
\inpenc@prehook=\toks18
\inpenc@posthook=\toks19

(C:\Users\Jesús\AppData\Roaming\MiKTeX\2.9\tex/latex/ucs\utf8x.def
File: utf8x.def 2004/10/17 UCS: Input encoding UTF-8
))
("D:\Archivos de programa\MiKTeX\tex/latex/base\fontenc.sty"
Package: fontenc 2020/02/11 v2.0o Standard LaTeX package
)
(C:\Users\Jesús\AppData\Roaming\MiKTeX\2.9\tex/latex/a4wide\a4wide.sty
Package: a4wide 1994/08/30

(C:\Users\Jesús\AppData\Roaming\MiKTeX\2.9\tex/latex/ntgclass\a4.sty
Package: a4 2020/02/18 v1.2g A4 based page layout
))
("D:\Archivos de programa\MiKTeX\tex/latex/psnfss\times.sty"
Package: times 2020/03/25 PSNFSS-v9.3 (SPQR) 
)
("D:\Archivos de programa\MiKTeX\tex/latex/hyperref\hyperref.sty"
Package: hyperref 2020/01/14 v7.00d Hypertext links for LaTeX

(C:\Users\Jesús\AppData\Roaming\MiKTeX\2.9\tex/generic/ltxcmds\ltxcmds.sty
Package: ltxcmds 2019/12/15 v1.24 LaTeX kernel commands for general use (HO)
)
(C:\Users\Jesús\AppData\Roaming\MiKTeX\2.9\tex/generic/iftex\iftex.sty
Package: iftex 2020/03/06 v1.0d TeX engine tests
)
(C:\Users\Jesús\AppData\Roaming\MiKTeX\2.9\tex/latex/pdftexcmds\pdftexcmds.sty
Package: pdftexcmds 2019/11/24 v0.31 Utility functions of pdfTeX for LuaTeX (HO
)

(C:\Users\Jesús\AppData\Roaming\MiKTeX\2.9\tex/generic/infwarerr\infwarerr.sty
Package: infwarerr 2019/12/03 v1.5 Providing info/warning/error messages (HO)
)
Package pdftexcmds Info: \pdf@primitive is available.
Package pdftexcmds Info: \pdf@ifprimitive is available.
Package pdftexcmds Info: \pdfdraftmode found.
) ("D:\Archivos de programa\MiKTeX\tex/latex/graphics\keyval.sty"
Package: keyval 2014/10/28 v1.15 key=value parser (DPC)
\KV@toks@=\toks20
)
(C:\Users\Jesús\AppData\Roaming\MiKTeX\2.9\tex/generic/kvsetkeys\kvsetkeys.sty
Package: kvsetkeys 2019/12/15 v1.18 Key value parser (HO)
)
(C:\Users\Jesús\AppData\Roaming\MiKTeX\2.9\tex/generic/kvdefinekeys\kvdefineke
ys.sty
Package: kvdefinekeys 2019-12-19 v1.6 Define keys (HO)
)
(C:\Users\Jesús\AppData\Roaming\MiKTeX\2.9\tex/generic/pdfescape\pdfescape.sty
Package: pdfescape 2019/12/09 v1.15 Implements pdfTeX's escape features (HO)
) (C:\Users\Jesús\AppData\Roaming\MiKTeX\2.9\tex/latex/hycolor\hycolor.sty
Package: hycolor 2020-01-27 v1.10 Color options for hyperref/bookmark (HO)
)
(C:\Users\Jesús\AppData\Roaming\MiKTeX\2.9\tex/latex/letltxmacro\letltxmacro.s
ty
Package: letltxmacro 2019/12/03 v1.6 Let assignment for LaTeX macros (HO)
) (C:\Users\Jesús\AppData\Roaming\MiKTeX\2.9\tex/latex/auxhook\auxhook.sty
Package: auxhook 2019-12-17 v1.6 Hooks for auxiliary files (HO)
)
(C:\Users\Jesús\AppData\Roaming\MiKTeX\2.9\tex/latex/kvoptions\kvoptions.sty
Package: kvoptions 2019/11/29 v3.13 Key value format for package options (HO)
)
\@linkdim=\dimen135
\Hy@linkcounter=\count177
\Hy@pagecounter=\count178

("D:\Archivos de programa\MiKTeX\tex/latex/hyperref\pd1enc.def"
File: pd1enc.def 2020/01/14 v7.00d Hyperref: PDFDocEncoding definition (HO)
)
(C:\Users\Jesús\AppData\Roaming\MiKTeX\2.9\tex/generic/intcalc\intcalc.sty
Package: intcalc 2019/12/15 v1.3 Expandable calculations with integers (HO)
)
(C:\Users\Jesús\AppData\Roaming\MiKTeX\2.9\tex/generic/etexcmds\etexcmds.sty
Package: etexcmds 2019/12/15 v1.7 Avoid name clashes with e-TeX commands (HO)
)
\Hy@SavedSpaceFactor=\count179
Package hyperref Info: Hyper figures OFF on input line 4547.
Package hyperref Info: Link nesting OFF on input line 4552.
Package hyperref Info: Hyper index ON on input line 4555.
Package hyperref Info: Plain pages OFF on input line 4562.
Package hyperref Info: Backreferencing OFF on input line 4567.
Package hyperref Info: Implicit mode ON; LaTeX internals redefined.
Package hyperref Info: Bookmarks ON on input line 4800.
\c@Hy@tempcnt=\count180

(C:\Users\Jesús\AppData\Roaming\MiKTeX\2.9\tex/latex/url\url.sty
\Urlmuskip=\muskip16
Package: url 2013/09/16  ver 3.4  Verb mode for urls, etc.
)
LaTeX Info: Redefining \url on input line 5159.
\XeTeXLinkMargin=\dimen136

(C:\Users\Jesús\AppData\Roaming\MiKTeX\2.9\tex/generic/bitset\bitset.sty
Package: bitset 2019/12/09 v1.3 Handle bit-vector datatype (HO)

(C:\Users\Jesús\AppData\Roaming\MiKTeX\2.9\tex/generic/bigintcalc\bigintcalc.s
ty
Package: bigintcalc 2019/12/15 v1.5 Expandable calculations on big integers (HO
)
))
\Fld@menulength=\count181
\Field@Width=\dimen137
\Fld@charsize=\dimen138
Package hyperref Info: Hyper figures OFF on input line 6430.
Package hyperref Info: Link nesting OFF on input line 6435.
Package hyperref Info: Hyper index ON on input line 6438.
Package hyperref Info: backreferencing OFF on input line 6445.
Package hyperref Info: Link coloring OFF on input line 6450.
Package hyperref Info: Link coloring with OCG OFF on input line 6455.
Package hyperref Info: PDF/A mode OFF on input line 6460.
LaTeX Info: Redefining \ref on input line 6500.
LaTeX Info: Redefining \pageref on input line 6504.

(C:\Users\Jesús\AppData\Roaming\MiKTeX\2.9\tex/generic/atbegshi\atbegshi.sty
Package: atbegshi 2019/12/05 v1.19 At begin shipout hook (HO)
)
\Hy@abspage=\count182
\c@Item=\count183
\c@Hfootnote=\count184
)
Package hyperref Info: Driver (autodetected): hpdftex.
("D:\Archivos de programa\MiKTeX\tex/latex/hyperref\hpdftex.def"
File: hpdftex.def 2020/01/14 v7.00d Hyperref driver for pdfTeX

(C:\Users\Jesús\AppData\Roaming\MiKTeX\2.9\tex/latex/atveryend\atveryend.sty
Package: atveryend 2019-12-11 v1.11 Hooks at the very end of document (HO)
Package atveryend Info: \enddocument detected (standard20110627).
)
\Fld@listcount=\count185
\c@bookmark@seq@number=\count186

(C:\Users\Jesús\AppData\Roaming\MiKTeX\2.9\tex/latex/rerunfilecheck\rerunfilec
heck.sty
Package: rerunfilecheck 2019/12/05 v1.9 Rerun checks for auxiliary files (HO)

(C:\Users\Jesús\AppData\Roaming\MiKTeX\2.9\tex/generic/uniquecounter\uniquecou
nter.sty
Package: uniquecounter 2019/12/15 v1.4 Provide unlimited unique counter (HO)
)
Package uniquecounter Info: New unique counter `rerunfilecheck' on input line 2
86.
)
\Hy@SectionHShift=\skip49
) ("D:\Archivos de programa\MiKTeX\tex/latex/graphics\graphics.sty"
Package: graphics 2019/11/30 v1.4a Standard LaTeX Graphics (DPC,SPQR)

("D:\Archivos de programa\MiKTeX\tex/latex/graphics\trig.sty"
Package: trig 2016/01/03 v1.10 sin cos tan (DPC)
)
("D:\Archivos de programa\MiKTeX\tex/latex/graphics-cfg\graphics.cfg"
File: graphics.cfg 2016/06/04 v1.11 sample graphics configuration
)
Package graphics Info: Driver file: pdftex.def on input line 105.

("D:\Archivos de programa\MiKTeX\tex/latex/graphics-def\pdftex.def"
File: pdftex.def 2018/01/08 v1.0l Graphics/color driver for pdftex
))
("D:\Archivos de programa\MiKTeX\tex/latex/graphics\graphicx.sty"
Package: graphicx 2019/11/30 v1.2a Enhanced LaTeX Graphics (DPC,SPQR)
\Gin@req@height=\dimen139
\Gin@req@width=\dimen140
)
("D:\Archivos de programa\MiKTeX\tex/latex/base\latexsym.sty"
Package: latexsym 1998/08/17 v2.2e Standard LaTeX package (lasy symbols)
\symlasy=\mathgroup4
LaTeX Font Info:    Overwriting symbol font `lasy' in version `bold'
(Font)                  U/lasy/m/n --> U/lasy/b/n on input line 52.
)
("D:\Archivos de programa\MiKTeX\tex/latex/multirow\multirow.sty"
Package: multirow 2019/05/31 v2.5 Span multiple rows of a table
\multirow@colwidth=\skip50
\multirow@cntb=\count187
\multirow@dima=\skip51
\bigstrutjot=\dimen141
)
("D:\Archivos de programa\MiKTeX\tex/latex/tools\verbatim.sty"
Package: verbatim 2019/11/10 v1.5r LaTeX2e package for verbatim enhancements
\every@verbatim=\toks21
\verbatim@line=\toks22
\verbatim@in@stream=\read2
)
("D:\Archivos de programa\MiKTeX\tex/latex/tools\array.sty"
Package: array 2019/08/31 v2.4l Tabular extension package (FMi)
\col@sep=\dimen142
\ar@mcellbox=\box45
\extrarowheight=\dimen143
\NC@list=\toks23
\extratabsurround=\skip52
\backup@length=\skip53
\ar@cellbox=\box46
)
(C:\Users\Jesús\AppData\Roaming\MiKTeX\2.9\tex/latex/listings\listings.sty
\lst@mode=\count188
\lst@gtempboxa=\box47
\lst@token=\toks24
\lst@length=\count189
\lst@currlwidth=\dimen144
\lst@column=\count190
\lst@pos=\count191
\lst@lostspace=\dimen145
\lst@width=\dimen146
\lst@newlines=\count192
\lst@lineno=\count193
\lst@maxwidth=\dimen147

(C:\Users\Jesús\AppData\Roaming\MiKTeX\2.9\tex/latex/listings\lstmisc.sty
File: lstmisc.sty 2020/03/24 1.8d (Carsten Heinz)
\c@lstnumber=\count194
\lst@skipnumbers=\count195
\lst@framebox=\box48
)
(C:\Users\Jesús\AppData\Roaming\MiKTeX\2.9\tex/latex/listings\listings.cfg
File: listings.cfg 2020/03/24 1.8d listings configuration
))
Package: listings 2020/03/24 1.8d (Carsten Heinz)

("D:\Archivos de programa\MiKTeX\tex/latex/tools\hhline.sty"
Package: hhline 2020/01/04 v2.04 Table rule package (DPC)
)
(C:\Users\Jesús\AppData\Roaming\MiKTeX\2.9\tex/latex/titling\titling.sty
Package: titling 2009/09/04 v2.1d maketitle typesetting
\thanksmarkwidth=\skip54
\thanksmargin=\skip55
\droptitle=\skip56
)
(Estilos/Apuntes.sty
Package hyperref Info: Option `pdffitwindow' set `true' on input line 17.
Package hyperref Info: Option `pdfcenterwindow' set `true' on input line 17.
Package hyperref Info: Option `pdfwindowui' set `false' on input line 17.

(C:\Users\Jesús\AppData\Roaming\MiKTeX\2.9\tex/latex/ucs\uni-0.def
File: uni-0.def 2013/05/13 UCS: Unicode data U+0000..U+00FF
)
Package hyperref Info: Option `colorlinks' set `true' on input line 17.
\c@ejemplo=\count196
\c@nota=\count197
)
(C:\Users\Jesús\AppData\Roaming\MiKTeX\2.9\tex/latex/xcolor\xcolor.sty
Package: xcolor 2016/05/11 v2.12 LaTeX color extensions (UK)

("D:\Archivos de programa\MiKTeX\tex/latex/graphics-cfg\color.cfg"
File: color.cfg 2016/01/02 v1.6 sample color configuration
)
Package xcolor Info: Driver file: pdftex.def on input line 225.

(C:\Users\Jesús\AppData\Roaming\MiKTeX\2.9\tex/latex/colortbl\colortbl.sty
Package: colortbl 2020/01/04 v1.0e Color table columns (DPC)
\everycr=\toks25
\minrowclearance=\skip57
)
\rownum=\count198
Package xcolor Info: Model `cmy' substituted by `cmy0' on input line 1348.
Package xcolor Info: Model `hsb' substituted by `rgb' on input line 1352.
Package xcolor Info: Model `RGB' extended on input line 1364.
Package xcolor Info: Model `HTML' substituted by `rgb' on input line 1366.
Package xcolor Info: Model `Hsb' substituted by `hsb' on input line 1367.
Package xcolor Info: Model `tHsb' substituted by `hsb' on input line 1368.
Package xcolor Info: Model `HSB' substituted by `hsb' on input line 1369.
Package xcolor Info: Model `Gray' substituted by `gray' on input line 1370.
Package xcolor Info: Model `wave' substituted by `hsb' on input line 1371.

(C:\Users\Jesús\AppData\Roaming\MiKTeX\2.9\tex/latex/xcolor\svgnam.def
File: svgnam.def 2016/05/11 v2.12 Predefined colors according to SVG 1.1 (UK)
)
(C:\Users\Jesús\AppData\Roaming\MiKTeX\2.9\tex/latex/xcolor\x11nam.def
File: x11nam.def 2016/05/11 v2.12 Predefined colors according to Unix/X11 (UK)
))
(C:\Users\Jesús\AppData\Roaming\MiKTeX\2.9\tex/latex/listingsutf8\listingsutf8
.sty
Package: listingsutf8 2019-12-10 v1.5 Allow UTF-8 in listings input (HO)

(C:\Users\Jesús\AppData\Roaming\MiKTeX\2.9\tex/generic/stringenc\stringenc.sty
Package: stringenc 2019/11/29 v1.12 Convert strings between diff. encodings (HO
)
)) (C:\Users\Jesús\AppData\Roaming\MiKTeX\2.9\tex/latex/hyphenat\hyphenat.sty
Package: hyphenat 2009/09/02 v2.3c hyphenation utilities
\langwohyphens=\language82
LaTeX Info: Redefining \_ on input line 43.
) (C:\Users\Jesús\AppData\Roaming\MiKTeX\2.9\tex/latex/listings\lstlang1.sty
File: lstlang1.sty 2020/03/24 1.8d listings language file
)
(C:\Users\Jesús\AppData\Roaming\MiKTeX\2.9\tex/latex/listings\lstlang1.sty
File: lstlang1.sty 2020/03/24 1.8d listings language file
)
(C:\Users\Jesús\AppData\Roaming\MiKTeX\2.9\tex/latex/l3backend\l3backend-pdfmo
de.def
File: l3backend-pdfmode.def 2020-03-12 L3 backend support: PDF mode
\l__kernel_color_stack_int=\count199
\l__pdf_internal_box=\box49
) (Memoria.aux (Inicio/Agradecimientos.aux) (Inicio/Resumen.aux)
(Inicio/PalabrasClave.aux) (Introduccion/Objetivos.aux)
(Introduccion/Descripcion.aux) (Introduccion/Alcance.aux)
(Metodologia/MarcoTeorico.aux) (Metodologia/Tecnologias.aux)
(Metodologia/Analisis.aux) (Metodologia/DisenoDesarrollo.aux)
(Metodologia/Pruebas.aux) (Epilogo/Conclusiones.aux) (Bibliografia.aux)
(Anexos/Anexo1.aux) (Anexos/Anexo2.aux) (Anexos/Anexo3.aux))
\openout1 = `Memoria.aux'.

LaTeX Font Info:    Checking defaults for OML/cmm/m/it on input line 105.
LaTeX Font Info:    ... okay on input line 105.
LaTeX Font Info:    Checking defaults for OMS/cmsy/m/n on input line 105.
LaTeX Font Info:    ... okay on input line 105.
LaTeX Font Info:    Checking defaults for OT1/cmr/m/n on input line 105.
LaTeX Font Info:    ... okay on input line 105.
LaTeX Font Info:    Checking defaults for T1/cmr/m/n on input line 105.
LaTeX Font Info:    ... okay on input line 105.
LaTeX Font Info:    Checking defaults for TS1/cmr/m/n on input line 105.
LaTeX Font Info:    ... okay on input line 105.
LaTeX Font Info:    Checking defaults for OMX/cmex/m/n on input line 105.
LaTeX Font Info:    ... okay on input line 105.
LaTeX Font Info:    Checking defaults for U/cmr/m/n on input line 105.
LaTeX Font Info:    ... okay on input line 105.
LaTeX Font Info:    Checking defaults for PD1/pdf/m/n on input line 105.
LaTeX Font Info:    ... okay on input line 105.
LaTeX Font Info:    Trying to load font information for T1+ptm on input line 10
5.

("D:\Archivos de programa\MiKTeX\tex/latex/psnfss\t1ptm.fd"
File: t1ptm.fd 2001/06/04 font definitions for T1/ptm.
)
(C:\Users\Jesús\AppData\Roaming\MiKTeX\2.9\tex/latex/ucs\ucsencs.def
File: ucsencs.def 2011/01/21 Fixes to fontencodings LGR, T3
)
\AtBeginShipoutBox=\box50
Package hyperref Info: Link coloring ON on input line 105.

("D:\Archivos de programa\MiKTeX\tex/latex/hyperref\nameref.sty"
Package: nameref 2019/09/16 v2.46 Cross-referencing by name of section

(C:\Users\Jesús\AppData\Roaming\MiKTeX\2.9\tex/latex/refcount\refcount.sty
Package: refcount 2019/12/15 v3.6 Data extraction from label references (HO)
)
(C:\Users\Jesús\AppData\Roaming\MiKTeX\2.9\tex/generic/gettitlestring\gettitle
string.sty
Package: gettitlestring 2019/12/15 v1.6 Cleanup title references (HO)
)
\c@section@level=\count266
)
LaTeX Info: Redefining \ref on input line 105.
LaTeX Info: Redefining \pageref on input line 105.
LaTeX Info: Redefining \nameref on input line 105.
 (Memoria.out) (Memoria.out)
\@outlinefile=\write3
\openout3 = `Memoria.out'.


(C:\Users\Jesús\AppData\Roaming\MiKTeX\2.9\tex/context/base/mkii\supp-pdf.mkii
[Loading MPS to PDF converter (version 2006.09.02).]
\scratchcounter=\count267
\scratchdimen=\dimen148
\scratchbox=\box51
\nofMPsegments=\count268
\nofMParguments=\count269
\everyMPshowfont=\toks26
\MPscratchCnt=\count270
\MPscratchDim=\dimen149
\MPnumerator=\count271
\makeMPintoPDFobject=\count272
\everyMPtoPDFconversion=\toks27
)
(C:\Users\Jesús\AppData\Roaming\MiKTeX\2.9\tex/latex/epstopdf-pkg\epstopdf-bas
e.sty
Package: epstopdf-base 2020-01-24 v2.11 Base part for package epstopdf
Package epstopdf-base Info: Redefining graphics rule for `.eps' on input line 4
85.
)
\c@lstlisting=\count273
LaTeX Font Info:    External font `cmex10' loaded for size
(Font)              <7> on input line 112.
LaTeX Font Info:    External font `cmex10' loaded for size
(Font)              <5> on input line 112.
LaTeX Font Info:    Trying to load font information for U+lasy on input line 11
2.
 ("D:\Archivos de programa\MiKTeX\tex/latex/base\ulasy.fd"
File: ulasy.fd 1998/08/17 v2.2e LaTeX symbol font definitions
)
<UCA.png, id=115, 401.5pt x 401.5pt>
File: UCA.png Graphic file (type png)
<use UCA.png>
Package pdftex.def Info: UCA.png  used on input line 113.
(pdftex.def)             Requested size: 70.46037pt x 70.4596pt.
<ESI.png, id=117, 1027.84pt x 1027.84pt>
File: ESI.png Graphic file (type png)
<use ESI.png>
Package pdftex.def Info: ESI.png  used on input line 113.
(pdftex.def)             Requested size: 70.46037pt x 70.45053pt.
 [1


{C:/Users/Jesús/AppData/Local/MiKTeX/2.9/pdftex/config/pdftex.map} <./UCA.png>
 <./ESI.png>] [2

]
File: UCA.png Graphic file (type png)
<use UCA.png>
Package pdftex.def Info: UCA.png  used on input line 180.
(pdftex.def)             Requested size: 70.46037pt x 70.4596pt.
File: ESI.png Graphic file (type png)
<use ESI.png>
Package pdftex.def Info: ESI.png  used on input line 180.
(pdftex.def)             Requested size: 70.46037pt x 70.45053pt.
 [3] [4

] [5] [6

]
\openout2 = `Inicio/Agradecimientos.aux'.

 (Inicio/Agradecimientos.tex) [7

] [8


]
\openout2 = `Inicio/Resumen.aux'.

 (Inicio/Resumen.tex) [9

] [10


]
\openout2 = `Inicio/PalabrasClave.aux'.

 (Inicio/PalabrasClave.tex) [11

] [12


] (Memoria.toc [13])
\tf@toc=\write4
\openout4 = `Memoria.toc'.

 [14]
(Memoria.lof)
\tf@lof=\write5
\openout5 = `Memoria.lof'.

 [15

] [16

] (Memoria.lot)
\tf@lot=\write6
\openout6 = `Memoria.lot'.

 [17] [18

] [19] [20]
Cap\IeC {\'\i }tulo 1.
[21

]
\openout2 = `Introduccion/Objetivos.aux'.

 (Introduccion/Objetivos.tex) [22

]
\openout2 = `Introduccion/Descripcion.aux'.

 (Introduccion/Descripcion.tex) [23


]
\openout2 = `Introduccion/Alcance.aux'.


(Introduccion/Alcance.tex
LaTeX Font Info:    Trying to load font information for TS1+ptm on input line 4
.

("D:\Archivos de programa\MiKTeX\tex/latex/psnfss\ts1ptm.fd"
File: ts1ptm.fd 2001/06/04 font definitions for TS1/ptm.
)) [24


]
Cap\IeC {\'\i }tulo 2.
[25


]
\openout2 = `Metodologia/MarcoTeorico.aux'.

 (Metodologia/MarcoTeorico.tex) [26

]
\openout2 = `Metodologia/Tecnologias.aux'.

 (Metodologia/Tecnologias.tex) [27


]
\openout2 = `Metodologia/Analisis.aux'.


(Metodologia/Analisis.tex) [28


]
\openout2 = `Metodologia/DisenoDesarrollo.aux'.

 (Metodologia/DisenoDesarrollo.tex) [29


]
\openout2 = `Metodologia/Pruebas.aux'.


(Metodologia/Pruebas.tex) [30


]
Cap\IeC {\'\i }tulo 3.
[31


]
\openout2 = `Epilogo/Conclusiones.aux'.

 (Epilogo/Conclusiones.tex) [32

]
Cap\IeC {\'\i }tulo 4.
[33


]
\openout2 = `Bibliografia.aux'.

 (Bibliografia.tex) [34

] [35


] [36]
\openout2 = `Anexos/Anexo1.aux'.

 (Anexos/Anexo1.tex
Ap\IeC {\'e}ndice A.
) [37


]
\openout2 = `Anexos/Anexo2.aux'.

 (Anexos/Anexo2.tex [38



]
Ap\IeC {\'e}ndice B.
) [39]
\openout2 = `Anexos/Anexo3.aux'.

 (Anexos/Anexo3.tex [40



]
Ap\IeC {\'e}ndice C.
) [41]
Package atveryend Info: Empty hook `BeforeClearDocument' on input line 312.
Package atveryend Info: Empty hook `AfterLastShipout' on input line 312.
 (Memoria.aux (Inicio/Agradecimientos.aux) (Inicio/Resumen.aux)
(Inicio/PalabrasClave.aux) (Introduccion/Objetivos.aux)
(Introduccion/Descripcion.aux) (Introduccion/Alcance.aux)
(Metodologia/MarcoTeorico.aux) (Metodologia/Tecnologias.aux)
(Metodologia/Analisis.aux) (Metodologia/DisenoDesarrollo.aux)
(Metodologia/Pruebas.aux) (Epilogo/Conclusiones.aux) (Bibliografia.aux)
(Anexos/Anexo1.aux) (Anexos/Anexo2.aux) (Anexos/Anexo3.aux))
Package atveryend Info: Executing hook `AtVeryEndDocument' on input line 312.
Package atveryend Info: Executing hook `AtEndAfterFileList' on input line 312.
Package rerunfilecheck Info: File `Memoria.out' has not changed.
(rerunfilecheck)             Checksum: 57EFA5F518EE1A8BBB41796E04CB63FB;1756.
Package atveryend Info: Empty hook `AtVeryVeryEnd' on input line 312.
 ) 
Here is how much of TeX's memory you used:
 9314 strings out of 480896
 143882 string characters out of 2906720
 619108 words of memory out of 3000000
 24805 multiletter control sequences out of 15000+200000
 578007 words of font info for 57 fonts, out of 3000000 for 9000
 1141 hyphenation exceptions out of 8191
 34i,13n,49p,421b,516s stack positions out of 5000i,500n,10000p,200000b,50000s
{D:/Archivos de programa/MiKTeX/fonts/enc/dvips/base/8r.enc}<D:/Archivos de p
rograma/MiKTeX/fonts/type1/urw/times/utmb8a.pfb><D:/Archivos de programa/MiKTeX
/fonts/type1/urw/times/utmr8a.pfb><D:/Archivos de programa/MiKTeX/fonts/type1/u
rw/times/utmri8a.pfb>
Output written on Memoria.pdf (41 pages, 396449 bytes).
PDF statistics:
 360 PDF objects out of 1000 (max. 8388607)
 75 named destinations out of 1000 (max. 500000)
 235 words of extra memory for PDF output out of 10000 (max. 10000000)

